<?xml version="1.0" encoding="UTF-8"?>
<testsuite xmlns:xsi="http://www.w3.org/2001/XMLSchema-instance" xsi:noNamespaceSchemaLocation="https://maven.apache.org/surefire/maven-surefire-plugin/xsd/surefire-test-report-3.0.xsd" version="3.0" name="test.CatalogTests" time="205.746" tests="2" errors="0" skipped="0" failures="0">
  <properties>
    <property name="gopherProxySet" value="false"/>
    <property name="awt.toolkit" value="sun.lwawt.macosx.LWCToolkit"/>
    <property name="java.specification.version" value="11"/>
    <property name="sun.cpu.isalist" value=""/>
    <property name="sun.jnu.encoding" value="UTF-8"/>
    <property name="java.class.path" value="/Users/romanaparin/Desktop/YandexMarketAutotests/target/test-classes:/Users/romanaparin/Desktop/YandexMarketAutotests/target/classes:/Users/romanaparin/.m2/repository/org/seleniumhq/selenium/selenium-java/4.0.0-alpha-6/selenium-java-4.0.0-alpha-6.jar:/Users/romanaparin/.m2/repository/org/seleniumhq/selenium/selenium-api/4.0.0-alpha-6/selenium-api-4.0.0-alpha-6.jar:/Users/romanaparin/.m2/repository/org/seleniumhq/selenium/selenium-chrome-driver/4.0.0-alpha-6/selenium-chrome-driver-4.0.0-alpha-6.jar:/Users/romanaparin/.m2/repository/com/google/auto/service/auto-service-annotations/1.0-rc6/auto-service-annotations-1.0-rc6.jar:/Users/romanaparin/.m2/repository/com/google/auto/service/auto-service/1.0-rc6/auto-service-1.0-rc6.jar:/Users/romanaparin/.m2/repository/com/google/auto/auto-common/0.10/auto-common-0.10.jar:/Users/romanaparin/.m2/repository/org/seleniumhq/selenium/selenium-chromium-driver/4.0.0-alpha-6/selenium-chromium-driver-4.0.0-alpha-6.jar:/Users/romanaparin/.m2/repository/org/seleniumhq/selenium/selenium-devtools/4.0.0-alpha-6/selenium-devtools-4.0.0-alpha-6.jar:/Users/romanaparin/.m2/repository/org/seleniumhq/selenium/selenium-http/4.0.0-alpha-6/selenium-http-4.0.0-alpha-6.jar:/Users/romanaparin/.m2/repository/org/seleniumhq/selenium/selenium-json/4.0.0-alpha-6/selenium-json-4.0.0-alpha-6.jar:/Users/romanaparin/.m2/repository/org/seleniumhq/selenium/selenium-edge-driver/4.0.0-alpha-6/selenium-edge-driver-4.0.0-alpha-6.jar:/Users/romanaparin/.m2/repository/org/seleniumhq/selenium/selenium-edgehtml-driver/4.0.0-alpha-6/selenium-edgehtml-driver-4.0.0-alpha-6.jar:/Users/romanaparin/.m2/repository/org/seleniumhq/selenium/selenium-firefox-driver/4.0.0-alpha-6/selenium-firefox-driver-4.0.0-alpha-6.jar:/Users/romanaparin/.m2/repository/org/seleniumhq/selenium/selenium-firefox-xpi-driver/4.0.0-alpha-6/selenium-firefox-xpi-driver-4.0.0-alpha-6.jar:/Users/romanaparin/.m2/repository/org/seleniumhq/selenium/selenium-ie-driver/4.0.0-alpha-6/selenium-ie-driver-4.0.0-alpha-6.jar:/Users/romanaparin/.m2/repository/org/seleniumhq/selenium/selenium-opera-driver/4.0.0-alpha-6/selenium-opera-driver-4.0.0-alpha-6.jar:/Users/romanaparin/.m2/repository/org/seleniumhq/selenium/selenium-remote-driver/4.0.0-alpha-6/selenium-remote-driver-4.0.0-alpha-6.jar:/Users/romanaparin/.m2/repository/com/squareup/okhttp3/okhttp/4.5.0/okhttp-4.5.0.jar:/Users/romanaparin/.m2/repository/org/jetbrains/kotlin/kotlin-stdlib/1.3.70/kotlin-stdlib-1.3.70.jar:/Users/romanaparin/.m2/repository/org/jetbrains/annotations/13.0/annotations-13.0.jar:/Users/romanaparin/.m2/repository/com/squareup/okio/okio/2.6.0/okio-2.6.0.jar:/Users/romanaparin/.m2/repository/org/jetbrains/kotlin/kotlin-stdlib-common/1.3.70/kotlin-stdlib-common-1.3.70.jar:/Users/romanaparin/.m2/repository/com/typesafe/netty/netty-reactive-streams/2.0.4/netty-reactive-streams-2.0.4.jar:/Users/romanaparin/.m2/repository/io/netty/netty-handler/4.1.43.Final/netty-handler-4.1.43.Final.jar:/Users/romanaparin/.m2/repository/org/reactivestreams/reactive-streams/1.0.3/reactive-streams-1.0.3.jar:/Users/romanaparin/.m2/repository/io/grpc/grpc-context/1.28.0/grpc-context-1.28.0.jar:/Users/romanaparin/.m2/repository/io/netty/netty-buffer/4.1.49.Final/netty-buffer-4.1.49.Final.jar:/Users/romanaparin/.m2/repository/io/netty/netty-common/4.1.49.Final/netty-common-4.1.49.Final.jar:/Users/romanaparin/.m2/repository/io/netty/netty-codec-http/4.1.49.Final/netty-codec-http-4.1.49.Final.jar:/Users/romanaparin/.m2/repository/io/netty/netty-codec/4.1.49.Final/netty-codec-4.1.49.Final.jar:/Users/romanaparin/.m2/repository/io/netty/netty-transport-native-epoll/4.1.49.Final/netty-transport-native-epoll-4.1.49.Final.jar:/Users/romanaparin/.m2/repository/io/netty/netty-transport-native-epoll/4.1.49.Final/netty-transport-native-epoll-4.1.49.Final-linux-x86_64.jar:/Users/romanaparin/.m2/repository/io/netty/netty-transport-native-kqueue/4.1.49.Final/netty-transport-native-kqueue-4.1.49.Final.jar:/Users/romanaparin/.m2/repository/io/netty/netty-transport-native-kqueue/4.1.49.Final/netty-transport-native-kqueue-4.1.49.Final-osx-x86_64.jar:/Users/romanaparin/.m2/repository/io/netty/netty-transport-native-unix-common/4.1.49.Final/netty-transport-native-unix-common-4.1.49.Final.jar:/Users/romanaparin/.m2/repository/io/netty/netty-transport/4.1.49.Final/netty-transport-4.1.49.Final.jar:/Users/romanaparin/.m2/repository/io/netty/netty-resolver/4.1.49.Final/netty-resolver-4.1.49.Final.jar:/Users/romanaparin/.m2/repository/io/opentelemetry/opentelemetry-api/0.4.0/opentelemetry-api-0.4.0.jar:/Users/romanaparin/.m2/repository/io/opentelemetry/opentelemetry-context-prop/0.4.0/opentelemetry-context-prop-0.4.0.jar:/Users/romanaparin/.m2/repository/io/opentelemetry/opentelemetry-sdk/0.4.0/opentelemetry-sdk-0.4.0.jar:/Users/romanaparin/.m2/repository/io/projectreactor/netty/reactor-netty/0.9.6.RELEASE/reactor-netty-0.9.6.RELEASE.jar:/Users/romanaparin/.m2/repository/io/netty/netty-codec-http2/4.1.48.Final/netty-codec-http2-4.1.48.Final.jar:/Users/romanaparin/.m2/repository/io/netty/netty-handler-proxy/4.1.48.Final/netty-handler-proxy-4.1.48.Final.jar:/Users/romanaparin/.m2/repository/io/projectreactor/reactor-core/3.3.5.RELEASE/reactor-core-3.3.5.RELEASE.jar:/Users/romanaparin/.m2/repository/net/bytebuddy/byte-buddy/1.10.9/byte-buddy-1.10.9.jar:/Users/romanaparin/.m2/repository/org/apache/commons/commons-exec/1.3/commons-exec-1.3.jar:/Users/romanaparin/.m2/repository/org/asynchttpclient/async-http-client/2.12.1/async-http-client-2.12.1.jar:/Users/romanaparin/.m2/repository/org/asynchttpclient/async-http-client-netty-utils/2.12.1/async-http-client-netty-utils-2.12.1.jar:/Users/romanaparin/.m2/repository/io/netty/netty-codec-socks/4.1.48.Final/netty-codec-socks-4.1.48.Final.jar:/Users/romanaparin/.m2/repository/com/sun/activation/javax.activation/1.2.0/javax.activation-1.2.0.jar:/Users/romanaparin/.m2/repository/org/seleniumhq/selenium/selenium-safari-driver/4.0.0-alpha-6/selenium-safari-driver-4.0.0-alpha-6.jar:/Users/romanaparin/.m2/repository/org/seleniumhq/selenium/selenium-support/4.0.0-alpha-6/selenium-support-4.0.0-alpha-6.jar:/Users/romanaparin/.m2/repository/org/seleniumhq/selenium/selenium-server/4.0.0-alpha-2/selenium-server-4.0.0-alpha-2.jar:/Users/romanaparin/.m2/repository/org/seleniumhq/selenium/grid/4.0.0-alpha-2/grid-4.0.0-alpha-2.jar:/Users/romanaparin/.m2/repository/org/seleniumhq/selenium/jetty-repacked/9.4.12.v20180830.1/jetty-repacked-9.4.12.v20180830.1.jar:/Users/romanaparin/.m2/repository/javax/servlet/javax.servlet-api/3.1.0/javax.servlet-api-3.1.0.jar:/Users/romanaparin/.m2/repository/org/zeromq/jeromq/0.5.1/jeromq-0.5.1.jar:/Users/romanaparin/.m2/repository/eu/neilalexander/jnacl/1.0.0/jnacl-1.0.0.jar:/Users/romanaparin/.m2/repository/net/jcip/jcip-annotations/1.0/jcip-annotations-1.0.jar:/Users/romanaparin/.m2/repository/org/yaml/snakeyaml/1.24/snakeyaml-1.24.jar:/Users/romanaparin/.m2/repository/org/testng/testng/7.3.0/testng-7.3.0.jar:/Users/romanaparin/.m2/repository/com/beust/jcommander/1.78/jcommander-1.78.jar:/Users/romanaparin/.m2/repository/org/apache/ant/ant/1.10.3/ant-1.10.3.jar:/Users/romanaparin/.m2/repository/org/apache/ant/ant-launcher/1.10.3/ant-launcher-1.10.3.jar:/Users/romanaparin/.m2/repository/junit/junit/4.12/junit-4.12.jar:/Users/romanaparin/.m2/repository/org/hamcrest/hamcrest-core/1.3/hamcrest-core-1.3.jar:/Users/romanaparin/.m2/repository/com/google/inject/guice/4.2.2/guice-4.2.2-no_aop.jar:/Users/romanaparin/.m2/repository/javax/inject/javax.inject/1/javax.inject-1.jar:/Users/romanaparin/.m2/repository/aopalliance/aopalliance/1.0/aopalliance-1.0.jar:/Users/romanaparin/.m2/repository/org/assertj/assertj-core/3.17.1/assertj-core-3.17.1.jar:/Users/romanaparin/.m2/repository/com/github/javafaker/javafaker/1.0.2/javafaker-1.0.2.jar:/Users/romanaparin/.m2/repository/org/apache/commons/commons-lang3/3.5/commons-lang3-3.5.jar:/Users/romanaparin/.m2/repository/org/yaml/snakeyaml/1.23/snakeyaml-1.23-android.jar:/Users/romanaparin/.m2/repository/com/github/mifmif/generex/1.0.2/generex-1.0.2.jar:/Users/romanaparin/.m2/repository/dk/brics/automaton/automaton/1.11-8/automaton-1.11-8.jar:/Users/romanaparin/.m2/repository/org/apache/logging/log4j/log4j-api/2.13.3/log4j-api-2.13.3.jar:/Users/romanaparin/.m2/repository/org/apache/logging/log4j/log4j-core/2.13.3/log4j-core-2.13.3.jar:/Users/romanaparin/.m2/repository/org/aeonbits/owner/owner/1.0.12/owner-1.0.12.jar:/Users/romanaparin/.m2/repository/io/github/bonigarcia/webdrivermanager/4.2.0/webdrivermanager-4.2.0.jar:/Users/romanaparin/.m2/repository/org/slf4j/slf4j-api/1.7.30/slf4j-api-1.7.30.jar:/Users/romanaparin/.m2/repository/commons-io/commons-io/2.7/commons-io-2.7.jar:/Users/romanaparin/.m2/repository/com/google/code/gson/gson/2.8.6/gson-2.8.6.jar:/Users/romanaparin/.m2/repository/org/apache/httpcomponents/client5/httpclient5/5.0.1/httpclient5-5.0.1.jar:/Users/romanaparin/.m2/repository/org/apache/httpcomponents/core5/httpcore5/5.0.1/httpcore5-5.0.1.jar:/Users/romanaparin/.m2/repository/org/apache/httpcomponents/core5/httpcore5-h2/5.0.1/httpcore5-h2-5.0.1.jar:/Users/romanaparin/.m2/repository/commons-codec/commons-codec/1.13/commons-codec-1.13.jar:/Users/romanaparin/.m2/repository/org/rauschig/jarchivelib/1.0.0/jarchivelib-1.0.0.jar:/Users/romanaparin/.m2/repository/org/apache/commons/commons-compress/1.18/commons-compress-1.18.jar:/Users/romanaparin/.m2/repository/org/jsoup/jsoup/1.13.1/jsoup-1.13.1.jar:/Users/romanaparin/.m2/repository/io/qameta/allure/allure-testng/2.13.5/allure-testng-2.13.5.jar:/Users/romanaparin/.m2/repository/io/qameta/allure/allure-java-commons/2.13.5/allure-java-commons-2.13.5.jar:/Users/romanaparin/.m2/repository/io/qameta/allure/allure-model/2.13.5/allure-model-2.13.5.jar:/Users/romanaparin/.m2/repository/com/fasterxml/jackson/core/jackson-databind/2.9.8/jackson-databind-2.9.8.jar:/Users/romanaparin/.m2/repository/com/fasterxml/jackson/core/jackson-annotations/2.9.0/jackson-annotations-2.9.0.jar:/Users/romanaparin/.m2/repository/com/fasterxml/jackson/core/jackson-core/2.9.8/jackson-core-2.9.8.jar:/Users/romanaparin/.m2/repository/org/apache/tika/tika-core/1.20/tika-core-1.20.jar:/Users/romanaparin/.m2/repository/org/jooq/joor-java-8/0.9.10/joor-java-8-0.9.10.jar:/Users/romanaparin/.m2/repository/io/qameta/allure/allure-attachments/2.13.5/allure-attachments-2.13.5.jar:/Users/romanaparin/.m2/repository/org/freemarker/freemarker/2.3.28/freemarker-2.3.28.jar:/Users/romanaparin/.m2/repository/com/github/automatedowl/allure-environment-writer/1.0.0/allure-environment-writer-1.0.0.jar:/Users/romanaparin/.m2/repository/com/google/guava/guava/27.0-jre/guava-27.0-jre.jar:/Users/romanaparin/.m2/repository/com/google/guava/failureaccess/1.0/failureaccess-1.0.jar:/Users/romanaparin/.m2/repository/com/google/guava/listenablefuture/9999.0-empty-to-avoid-conflict-with-guava/listenablefuture-9999.0-empty-to-avoid-conflict-with-guava.jar:/Users/romanaparin/.m2/repository/com/google/code/findbugs/jsr305/3.0.2/jsr305-3.0.2.jar:/Users/romanaparin/.m2/repository/org/checkerframework/checker-qual/2.5.2/checker-qual-2.5.2.jar:/Users/romanaparin/.m2/repository/com/google/errorprone/error_prone_annotations/2.2.0/error_prone_annotations-2.2.0.jar:/Users/romanaparin/.m2/repository/com/google/j2objc/j2objc-annotations/1.1/j2objc-annotations-1.1.jar:/Users/romanaparin/.m2/repository/org/codehaus/mojo/animal-sniffer-annotations/1.17/animal-sniffer-annotations-1.17.jar:"/>
    <property name="java.vm.vendor" value="Oracle Corporation"/>
    <property name="sun.arch.data.model" value="64"/>
    <property name="java.vendor.url" value="http://java.oracle.com/"/>
    <property name="user.timezone" value="Europe/Volgograd"/>
    <property name="java.vm.specification.version" value="11"/>
    <property name="os.name" value="Mac OS X"/>
    <property name="sun.java.launcher" value="SUN_STANDARD"/>
    <property name="user.country" value="RU"/>
    <property name="sun.boot.library.path" value="/Library/Java/JavaVirtualMachines/jdk-11.0.1.jdk/Contents/Home/lib"/>
    <property name="sun.java.command" value="/Users/romanaparin/Desktop/YandexMarketAutotests/target/surefire/surefirebooter1542688990245595826.jar /Users/romanaparin/Desktop/YandexMarketAutotests/target/surefire 2020-10-07T12-53-23_289-jvmRun1 surefire1483070403075069233tmp surefire_011984562411464521336tmp"/>
    <property name="http.nonProxyHosts" value="local|*.local|169.254/16|*.169.254/16"/>
    <property name="jdk.debug" value="release"/>
    <property name="com.couchbase.client.core.deps.io.netty.noUnsafe" value="true"/>
    <property name="surefire.test.class.path" value="/Users/romanaparin/Desktop/YandexMarketAutotests/target/test-classes:/Users/romanaparin/Desktop/YandexMarketAutotests/target/classes:/Users/romanaparin/.m2/repository/org/seleniumhq/selenium/selenium-java/4.0.0-alpha-6/selenium-java-4.0.0-alpha-6.jar:/Users/romanaparin/.m2/repository/org/seleniumhq/selenium/selenium-api/4.0.0-alpha-6/selenium-api-4.0.0-alpha-6.jar:/Users/romanaparin/.m2/repository/org/seleniumhq/selenium/selenium-chrome-driver/4.0.0-alpha-6/selenium-chrome-driver-4.0.0-alpha-6.jar:/Users/romanaparin/.m2/repository/com/google/auto/service/auto-service-annotations/1.0-rc6/auto-service-annotations-1.0-rc6.jar:/Users/romanaparin/.m2/repository/com/google/auto/service/auto-service/1.0-rc6/auto-service-1.0-rc6.jar:/Users/romanaparin/.m2/repository/com/google/auto/auto-common/0.10/auto-common-0.10.jar:/Users/romanaparin/.m2/repository/org/seleniumhq/selenium/selenium-chromium-driver/4.0.0-alpha-6/selenium-chromium-driver-4.0.0-alpha-6.jar:/Users/romanaparin/.m2/repository/org/seleniumhq/selenium/selenium-devtools/4.0.0-alpha-6/selenium-devtools-4.0.0-alpha-6.jar:/Users/romanaparin/.m2/repository/org/seleniumhq/selenium/selenium-http/4.0.0-alpha-6/selenium-http-4.0.0-alpha-6.jar:/Users/romanaparin/.m2/repository/org/seleniumhq/selenium/selenium-json/4.0.0-alpha-6/selenium-json-4.0.0-alpha-6.jar:/Users/romanaparin/.m2/repository/org/seleniumhq/selenium/selenium-edge-driver/4.0.0-alpha-6/selenium-edge-driver-4.0.0-alpha-6.jar:/Users/romanaparin/.m2/repository/org/seleniumhq/selenium/selenium-edgehtml-driver/4.0.0-alpha-6/selenium-edgehtml-driver-4.0.0-alpha-6.jar:/Users/romanaparin/.m2/repository/org/seleniumhq/selenium/selenium-firefox-driver/4.0.0-alpha-6/selenium-firefox-driver-4.0.0-alpha-6.jar:/Users/romanaparin/.m2/repository/org/seleniumhq/selenium/selenium-firefox-xpi-driver/4.0.0-alpha-6/selenium-firefox-xpi-driver-4.0.0-alpha-6.jar:/Users/romanaparin/.m2/repository/org/seleniumhq/selenium/selenium-ie-driver/4.0.0-alpha-6/selenium-ie-driver-4.0.0-alpha-6.jar:/Users/romanaparin/.m2/repository/org/seleniumhq/selenium/selenium-opera-driver/4.0.0-alpha-6/selenium-opera-driver-4.0.0-alpha-6.jar:/Users/romanaparin/.m2/repository/org/seleniumhq/selenium/selenium-remote-driver/4.0.0-alpha-6/selenium-remote-driver-4.0.0-alpha-6.jar:/Users/romanaparin/.m2/repository/com/squareup/okhttp3/okhttp/4.5.0/okhttp-4.5.0.jar:/Users/romanaparin/.m2/repository/org/jetbrains/kotlin/kotlin-stdlib/1.3.70/kotlin-stdlib-1.3.70.jar:/Users/romanaparin/.m2/repository/org/jetbrains/annotations/13.0/annotations-13.0.jar:/Users/romanaparin/.m2/repository/com/squareup/okio/okio/2.6.0/okio-2.6.0.jar:/Users/romanaparin/.m2/repository/org/jetbrains/kotlin/kotlin-stdlib-common/1.3.70/kotlin-stdlib-common-1.3.70.jar:/Users/romanaparin/.m2/repository/com/typesafe/netty/netty-reactive-streams/2.0.4/netty-reactive-streams-2.0.4.jar:/Users/romanaparin/.m2/repository/io/netty/netty-handler/4.1.43.Final/netty-handler-4.1.43.Final.jar:/Users/romanaparin/.m2/repository/org/reactivestreams/reactive-streams/1.0.3/reactive-streams-1.0.3.jar:/Users/romanaparin/.m2/repository/io/grpc/grpc-context/1.28.0/grpc-context-1.28.0.jar:/Users/romanaparin/.m2/repository/io/netty/netty-buffer/4.1.49.Final/netty-buffer-4.1.49.Final.jar:/Users/romanaparin/.m2/repository/io/netty/netty-common/4.1.49.Final/netty-common-4.1.49.Final.jar:/Users/romanaparin/.m2/repository/io/netty/netty-codec-http/4.1.49.Final/netty-codec-http-4.1.49.Final.jar:/Users/romanaparin/.m2/repository/io/netty/netty-codec/4.1.49.Final/netty-codec-4.1.49.Final.jar:/Users/romanaparin/.m2/repository/io/netty/netty-transport-native-epoll/4.1.49.Final/netty-transport-native-epoll-4.1.49.Final.jar:/Users/romanaparin/.m2/repository/io/netty/netty-transport-native-epoll/4.1.49.Final/netty-transport-native-epoll-4.1.49.Final-linux-x86_64.jar:/Users/romanaparin/.m2/repository/io/netty/netty-transport-native-kqueue/4.1.49.Final/netty-transport-native-kqueue-4.1.49.Final.jar:/Users/romanaparin/.m2/repository/io/netty/netty-transport-native-kqueue/4.1.49.Final/netty-transport-native-kqueue-4.1.49.Final-osx-x86_64.jar:/Users/romanaparin/.m2/repository/io/netty/netty-transport-native-unix-common/4.1.49.Final/netty-transport-native-unix-common-4.1.49.Final.jar:/Users/romanaparin/.m2/repository/io/netty/netty-transport/4.1.49.Final/netty-transport-4.1.49.Final.jar:/Users/romanaparin/.m2/repository/io/netty/netty-resolver/4.1.49.Final/netty-resolver-4.1.49.Final.jar:/Users/romanaparin/.m2/repository/io/opentelemetry/opentelemetry-api/0.4.0/opentelemetry-api-0.4.0.jar:/Users/romanaparin/.m2/repository/io/opentelemetry/opentelemetry-context-prop/0.4.0/opentelemetry-context-prop-0.4.0.jar:/Users/romanaparin/.m2/repository/io/opentelemetry/opentelemetry-sdk/0.4.0/opentelemetry-sdk-0.4.0.jar:/Users/romanaparin/.m2/repository/io/projectreactor/netty/reactor-netty/0.9.6.RELEASE/reactor-netty-0.9.6.RELEASE.jar:/Users/romanaparin/.m2/repository/io/netty/netty-codec-http2/4.1.48.Final/netty-codec-http2-4.1.48.Final.jar:/Users/romanaparin/.m2/repository/io/netty/netty-handler-proxy/4.1.48.Final/netty-handler-proxy-4.1.48.Final.jar:/Users/romanaparin/.m2/repository/io/projectreactor/reactor-core/3.3.5.RELEASE/reactor-core-3.3.5.RELEASE.jar:/Users/romanaparin/.m2/repository/net/bytebuddy/byte-buddy/1.10.9/byte-buddy-1.10.9.jar:/Users/romanaparin/.m2/repository/org/apache/commons/commons-exec/1.3/commons-exec-1.3.jar:/Users/romanaparin/.m2/repository/org/asynchttpclient/async-http-client/2.12.1/async-http-client-2.12.1.jar:/Users/romanaparin/.m2/repository/org/asynchttpclient/async-http-client-netty-utils/2.12.1/async-http-client-netty-utils-2.12.1.jar:/Users/romanaparin/.m2/repository/io/netty/netty-codec-socks/4.1.48.Final/netty-codec-socks-4.1.48.Final.jar:/Users/romanaparin/.m2/repository/com/sun/activation/javax.activation/1.2.0/javax.activation-1.2.0.jar:/Users/romanaparin/.m2/repository/org/seleniumhq/selenium/selenium-safari-driver/4.0.0-alpha-6/selenium-safari-driver-4.0.0-alpha-6.jar:/Users/romanaparin/.m2/repository/org/seleniumhq/selenium/selenium-support/4.0.0-alpha-6/selenium-support-4.0.0-alpha-6.jar:/Users/romanaparin/.m2/repository/org/seleniumhq/selenium/selenium-server/4.0.0-alpha-2/selenium-server-4.0.0-alpha-2.jar:/Users/romanaparin/.m2/repository/org/seleniumhq/selenium/grid/4.0.0-alpha-2/grid-4.0.0-alpha-2.jar:/Users/romanaparin/.m2/repository/org/seleniumhq/selenium/jetty-repacked/9.4.12.v20180830.1/jetty-repacked-9.4.12.v20180830.1.jar:/Users/romanaparin/.m2/repository/javax/servlet/javax.servlet-api/3.1.0/javax.servlet-api-3.1.0.jar:/Users/romanaparin/.m2/repository/org/zeromq/jeromq/0.5.1/jeromq-0.5.1.jar:/Users/romanaparin/.m2/repository/eu/neilalexander/jnacl/1.0.0/jnacl-1.0.0.jar:/Users/romanaparin/.m2/repository/net/jcip/jcip-annotations/1.0/jcip-annotations-1.0.jar:/Users/romanaparin/.m2/repository/org/yaml/snakeyaml/1.24/snakeyaml-1.24.jar:/Users/romanaparin/.m2/repository/org/testng/testng/7.3.0/testng-7.3.0.jar:/Users/romanaparin/.m2/repository/com/beust/jcommander/1.78/jcommander-1.78.jar:/Users/romanaparin/.m2/repository/org/apache/ant/ant/1.10.3/ant-1.10.3.jar:/Users/romanaparin/.m2/repository/org/apache/ant/ant-launcher/1.10.3/ant-launcher-1.10.3.jar:/Users/romanaparin/.m2/repository/junit/junit/4.12/junit-4.12.jar:/Users/romanaparin/.m2/repository/org/hamcrest/hamcrest-core/1.3/hamcrest-core-1.3.jar:/Users/romanaparin/.m2/repository/com/google/inject/guice/4.2.2/guice-4.2.2-no_aop.jar:/Users/romanaparin/.m2/repository/javax/inject/javax.inject/1/javax.inject-1.jar:/Users/romanaparin/.m2/repository/aopalliance/aopalliance/1.0/aopalliance-1.0.jar:/Users/romanaparin/.m2/repository/org/assertj/assertj-core/3.17.1/assertj-core-3.17.1.jar:/Users/romanaparin/.m2/repository/com/github/javafaker/javafaker/1.0.2/javafaker-1.0.2.jar:/Users/romanaparin/.m2/repository/org/apache/commons/commons-lang3/3.5/commons-lang3-3.5.jar:/Users/romanaparin/.m2/repository/org/yaml/snakeyaml/1.23/snakeyaml-1.23-android.jar:/Users/romanaparin/.m2/repository/com/github/mifmif/generex/1.0.2/generex-1.0.2.jar:/Users/romanaparin/.m2/repository/dk/brics/automaton/automaton/1.11-8/automaton-1.11-8.jar:/Users/romanaparin/.m2/repository/org/apache/logging/log4j/log4j-api/2.13.3/log4j-api-2.13.3.jar:/Users/romanaparin/.m2/repository/org/apache/logging/log4j/log4j-core/2.13.3/log4j-core-2.13.3.jar:/Users/romanaparin/.m2/repository/org/aeonbits/owner/owner/1.0.12/owner-1.0.12.jar:/Users/romanaparin/.m2/repository/io/github/bonigarcia/webdrivermanager/4.2.0/webdrivermanager-4.2.0.jar:/Users/romanaparin/.m2/repository/org/slf4j/slf4j-api/1.7.30/slf4j-api-1.7.30.jar:/Users/romanaparin/.m2/repository/commons-io/commons-io/2.7/commons-io-2.7.jar:/Users/romanaparin/.m2/repository/com/google/code/gson/gson/2.8.6/gson-2.8.6.jar:/Users/romanaparin/.m2/repository/org/apache/httpcomponents/client5/httpclient5/5.0.1/httpclient5-5.0.1.jar:/Users/romanaparin/.m2/repository/org/apache/httpcomponents/core5/httpcore5/5.0.1/httpcore5-5.0.1.jar:/Users/romanaparin/.m2/repository/org/apache/httpcomponents/core5/httpcore5-h2/5.0.1/httpcore5-h2-5.0.1.jar:/Users/romanaparin/.m2/repository/commons-codec/commons-codec/1.13/commons-codec-1.13.jar:/Users/romanaparin/.m2/repository/org/rauschig/jarchivelib/1.0.0/jarchivelib-1.0.0.jar:/Users/romanaparin/.m2/repository/org/apache/commons/commons-compress/1.18/commons-compress-1.18.jar:/Users/romanaparin/.m2/repository/org/jsoup/jsoup/1.13.1/jsoup-1.13.1.jar:/Users/romanaparin/.m2/repository/io/qameta/allure/allure-testng/2.13.5/allure-testng-2.13.5.jar:/Users/romanaparin/.m2/repository/io/qameta/allure/allure-java-commons/2.13.5/allure-java-commons-2.13.5.jar:/Users/romanaparin/.m2/repository/io/qameta/allure/allure-model/2.13.5/allure-model-2.13.5.jar:/Users/romanaparin/.m2/repository/com/fasterxml/jackson/core/jackson-databind/2.9.8/jackson-databind-2.9.8.jar:/Users/romanaparin/.m2/repository/com/fasterxml/jackson/core/jackson-annotations/2.9.0/jackson-annotations-2.9.0.jar:/Users/romanaparin/.m2/repository/com/fasterxml/jackson/core/jackson-core/2.9.8/jackson-core-2.9.8.jar:/Users/romanaparin/.m2/repository/org/apache/tika/tika-core/1.20/tika-core-1.20.jar:/Users/romanaparin/.m2/repository/org/jooq/joor-java-8/0.9.10/joor-java-8-0.9.10.jar:/Users/romanaparin/.m2/repository/io/qameta/allure/allure-attachments/2.13.5/allure-attachments-2.13.5.jar:/Users/romanaparin/.m2/repository/org/freemarker/freemarker/2.3.28/freemarker-2.3.28.jar:/Users/romanaparin/.m2/repository/com/github/automatedowl/allure-environment-writer/1.0.0/allure-environment-writer-1.0.0.jar:/Users/romanaparin/.m2/repository/com/google/guava/guava/27.0-jre/guava-27.0-jre.jar:/Users/romanaparin/.m2/repository/com/google/guava/failureaccess/1.0/failureaccess-1.0.jar:/Users/romanaparin/.m2/repository/com/google/guava/listenablefuture/9999.0-empty-to-avoid-conflict-with-guava/listenablefuture-9999.0-empty-to-avoid-conflict-with-guava.jar:/Users/romanaparin/.m2/repository/com/google/code/findbugs/jsr305/3.0.2/jsr305-3.0.2.jar:/Users/romanaparin/.m2/repository/org/checkerframework/checker-qual/2.5.2/checker-qual-2.5.2.jar:/Users/romanaparin/.m2/repository/com/google/errorprone/error_prone_annotations/2.2.0/error_prone_annotations-2.2.0.jar:/Users/romanaparin/.m2/repository/com/google/j2objc/j2objc-annotations/1.1/j2objc-annotations-1.1.jar:/Users/romanaparin/.m2/repository/org/codehaus/mojo/animal-sniffer-annotations/1.17/animal-sniffer-annotations-1.17.jar:"/>
    <property name="sun.cpu.endian" value="little"/>
    <property name="io.netty.tryReflectionSetAccessible" value="true"/>
    <property name="user.home" value="/Users/romanaparin"/>
    <property name="user.language" value="ru"/>
    <property name="java.specification.vendor" value="Oracle Corporation"/>
    <property name="java.version.date" value="2018-10-16"/>
    <property name="java.home" value="/Library/Java/JavaVirtualMachines/jdk-11.0.1.jdk/Contents/Home"/>
    <property name="testng.dtd.http" value="true"/>
    <property name="file.separator" value="/"/>
    <property name="basedir" value="/Users/romanaparin/Desktop/YandexMarketAutotests"/>
    <property name="java.vm.compressedOopsMode" value="Zero based"/>
    <property name="line.separator" value="&#10;"/>
    <property name="java.specification.name" value="Java Platform API Specification"/>
    <property name="java.vm.specification.vendor" value="Oracle Corporation"/>
    <property name="java.awt.graphicsenv" value="sun.awt.CGraphicsEnvironment"/>
    <property name="resultsDirectory" value="allure-results"/>
    <property name="surefire.real.class.path" value="/Users/romanaparin/Desktop/YandexMarketAutotests/target/surefire/surefirebooter1542688990245595826.jar"/>
    <property name="sun.management.compiler" value="HotSpot 64-Bit Tiered Compilers"/>
    <property name="ftp.nonProxyHosts" value="local|*.local|169.254/16|*.169.254/16"/>
    <property name="java.runtime.version" value="11.0.1+13-LTS"/>
    <property name="user.name" value="romanaparin"/>
    <property name="path.separator" value=":"/>
    <property name="os.version" value="10.13.6"/>
    <property name="java.runtime.name" value="Java(TM) SE Runtime Environment"/>
    <property name="file.encoding" value="UTF-8"/>
    <property name="sun.nio.ch.bugLevel" value=""/>
    <property name="java.vm.name" value="Java HotSpot(TM) 64-Bit Server VM"/>
    <property name="reportDirectory" value="allure-report"/>
    <property name="java.vendor.version" value="18.9"/>
    <property name="localRepository" value="/Users/romanaparin/.m2/repository"/>
    <property name="java.vendor.url.bug" value="http://bugreport.java.com/bugreport/"/>
    <property name="java.io.tmpdir" value="/var/folders/kw/vbzlvqb51fn2fj7jrkzy1ghh0000gn/T/"/>
    <property name="java.version" value="11.0.1"/>
    <property name="user.dir" value="/Users/romanaparin/Desktop/YandexMarketAutotests"/>
    <property name="os.arch" value="x86_64"/>
    <property name="java.vm.specification.name" value="Java Virtual Machine Specification"/>
    <property name="java.awt.printerjob" value="sun.lwawt.macosx.CPrinterJob"/>
    <property name="sun.os.patch.level" value="unknown"/>
    <property name="java.library.path" value="/Users/romanaparin/Library/Java/Extensions:/Library/Java/Extensions:/Network/Library/Java/Extensions:/System/Library/Java/Extensions:/usr/lib/java:."/>
    <property name="suite" value="dataprovider"/>
    <property name="java.vendor" value="Oracle Corporation"/>
    <property name="java.vm.info" value="mixed mode"/>
    <property name="java.vm.version" value="11.0.1+13-LTS"/>
    <property name="sun.io.unicode.encoding" value="UnicodeBig"/>
    <property name="java.class.version" value="55.0"/>
    <property name="socksNonProxyHosts" value="local|*.local|169.254/16|*.169.254/16"/>
  </properties>
  <testcase name="CatalogTvFilterManufacturerAndPriceFrom[24000](1)" classname="test.CatalogTests" time="173.044">
    <system-out><![CDATA[Allure environment data saved.
[DEBUG] 2020-10-07 12:53:30.179 [TestNG-PoolService-0] InternalLoggerFactory - Using Log4J2 as the default logging framework
[DEBUG] 2020-10-07 12:53:30.221 [TestNG-PoolService-0] ResourceLeakDetector - -Dio.netty.leakDetection.level: simple
[DEBUG] 2020-10-07 12:53:30.222 [TestNG-PoolService-0] ResourceLeakDetector - -Dio.netty.leakDetection.targetRecords: 4
[DEBUG] 2020-10-07 12:53:30.236 [TestNG-PoolService-0] ResourceLeakDetectorFactory - Loaded default ResourceLeakDetector: io.netty.util.ResourceLeakDetector@1bea33c4
[DEBUG] 2020-10-07 12:53:30.335 [TestNG-PoolService-0] PlatformDependent - Platform: MacOS
[DEBUG] 2020-10-07 12:53:30.341 [TestNG-PoolService-0] PlatformDependent0 - -Dio.netty.noUnsafe: false
[DEBUG] 2020-10-07 12:53:30.341 [TestNG-PoolService-0] PlatformDependent0 - Java version: 11
[DEBUG] 2020-10-07 12:53:30.347 [TestNG-PoolService-0] PlatformDependent0 - sun.misc.Unsafe.theUnsafe: available
[DEBUG] 2020-10-07 12:53:30.348 [TestNG-PoolService-0] PlatformDependent0 - sun.misc.Unsafe.copyMemory: available
[DEBUG] 2020-10-07 12:53:30.350 [TestNG-PoolService-0] PlatformDependent0 - java.nio.Buffer.address: available
[DEBUG] 2020-10-07 12:53:30.352 [TestNG-PoolService-0] PlatformDependent0 - direct buffer constructor: available
[DEBUG] 2020-10-07 12:53:30.367 [TestNG-PoolService-0] PlatformDependent0 - java.nio.Bits.unaligned: available, true
[DEBUG] 2020-10-07 12:53:30.378 [TestNG-PoolService-0] PlatformDependent0 - jdk.internal.misc.Unsafe.allocateUninitializedArray(int): unavailable
java.lang.IllegalAccessException: class io.netty.util.internal.PlatformDependent0$6 cannot access class jdk.internal.misc.Unsafe (in module java.base) because module java.base does not export jdk.internal.misc to unnamed module @646d64ab
	at jdk.internal.reflect.Reflection.newIllegalAccessException(Reflection.java:361) ~[?:?]
	at java.lang.reflect.AccessibleObject.checkAccess(AccessibleObject.java:591) ~[?:?]
	at java.lang.reflect.Method.invoke(Method.java:558) ~[?:?]
	at io.netty.util.internal.PlatformDependent0$6.run(PlatformDependent0.java:347) ~[netty-common-4.1.49.Final.jar:4.1.49.Final]
	at java.security.AccessController.doPrivileged(Native Method) ~[?:?]
	at io.netty.util.internal.PlatformDependent0.<clinit>(PlatformDependent0.java:338) [netty-common-4.1.49.Final.jar:4.1.49.Final]
	at io.netty.util.internal.PlatformDependent.isAndroid(PlatformDependent.java:289) [netty-common-4.1.49.Final.jar:4.1.49.Final]
	at io.netty.util.internal.PlatformDependent.<clinit>(PlatformDependent.java:92) [netty-common-4.1.49.Final.jar:4.1.49.Final]
	at io.netty.util.HashedWheelTimer.<init>(HashedWheelTimer.java:109) [netty-common-4.1.49.Final.jar:4.1.49.Final]
	at io.netty.util.HashedWheelTimer.<init>(HashedWheelTimer.java:218) [netty-common-4.1.49.Final.jar:4.1.49.Final]
	at io.netty.util.HashedWheelTimer.<init>(HashedWheelTimer.java:197) [netty-common-4.1.49.Final.jar:4.1.49.Final]
	at org.asynchttpclient.DefaultAsyncHttpClient.newNettyTimer(DefaultAsyncHttpClient.java:111) [async-http-client-2.12.1.jar:?]
	at org.asynchttpclient.DefaultAsyncHttpClient.<init>(DefaultAsyncHttpClient.java:90) [async-http-client-2.12.1.jar:?]
	at org.asynchttpclient.Dsl.asyncHttpClient(Dsl.java:32) [async-http-client-2.12.1.jar:?]
	at org.openqa.selenium.remote.http.netty.NettyClient.<clinit>(NettyClient.java:39) [selenium-remote-driver-4.0.0-alpha-6.jar:?]
	at org.openqa.selenium.remote.http.netty.NettyClient$Factory.createClient(NettyClient.java:86) [selenium-remote-driver-4.0.0-alpha-6.jar:?]
	at org.openqa.selenium.remote.http.HttpClient$Factory.createClient(HttpClient.java:80) [selenium-http-4.0.0-alpha-6.jar:?]
	at org.openqa.selenium.remote.HttpCommandExecutor.<init>(HttpCommandExecutor.java:89) [selenium-remote-driver-4.0.0-alpha-6.jar:?]
	at org.openqa.selenium.remote.HttpCommandExecutor.<init>(HttpCommandExecutor.java:72) [selenium-remote-driver-4.0.0-alpha-6.jar:?]
	at org.openqa.selenium.remote.HttpCommandExecutor.<init>(HttpCommandExecutor.java:59) [selenium-remote-driver-4.0.0-alpha-6.jar:?]
	at org.openqa.selenium.remote.RemoteWebDriver.<init>(RemoteWebDriver.java:149) [selenium-remote-driver-4.0.0-alpha-6.jar:?]
	at driver.RemoteDriverManager.createInstance(RemoteDriverManager.java:27) [classes/:?]
	at driver.DriverFactory.createInstance(DriverFactory.java:13) [classes/:?]
	at test.BaseWeb.preCondition(BaseWeb.java:25) [classes/:?]
	at jdk.internal.reflect.NativeMethodAccessorImpl.invoke0(Native Method) ~[?:?]
	at jdk.internal.reflect.NativeMethodAccessorImpl.invoke(NativeMethodAccessorImpl.java:62) ~[?:?]
	at jdk.internal.reflect.DelegatingMethodAccessorImpl.invoke(DelegatingMethodAccessorImpl.java:43) ~[?:?]
	at java.lang.reflect.Method.invoke(Method.java:566) ~[?:?]
	at org.testng.internal.MethodInvocationHelper.invokeMethod(MethodInvocationHelper.java:132) [testng-7.3.0.jar:?]
	at org.testng.internal.MethodInvocationHelper.invokeMethodConsideringTimeout(MethodInvocationHelper.java:61) [testng-7.3.0.jar:?]
	at org.testng.internal.ConfigInvoker.invokeConfigurationMethod(ConfigInvoker.java:366) [testng-7.3.0.jar:?]
	at org.testng.internal.ConfigInvoker.invokeConfigurations(ConfigInvoker.java:320) [testng-7.3.0.jar:?]
	at org.testng.internal.TestInvoker.runConfigMethods(TestInvoker.java:701) [testng-7.3.0.jar:?]
	at org.testng.internal.TestInvoker.invokeMethod(TestInvoker.java:527) [testng-7.3.0.jar:?]
	at org.testng.internal.TestInvoker.invokeTestMethod(TestInvoker.java:174) [testng-7.3.0.jar:?]
	at org.testng.internal.TestMethodWithDataProviderMethodWorker.call(TestMethodWithDataProviderMethodWorker.java:77) [testng-7.3.0.jar:?]
	at org.testng.internal.TestMethodWithDataProviderMethodWorker.call(TestMethodWithDataProviderMethodWorker.java:15) [testng-7.3.0.jar:?]
	at java.util.concurrent.FutureTask.run(FutureTask.java:264) [?:?]
	at java.util.concurrent.Executors$RunnableAdapter.call(Executors.java:515) [?:?]
	at java.util.concurrent.FutureTask.run(FutureTask.java:264) [?:?]
	at java.util.concurrent.ThreadPoolExecutor.runWorker(ThreadPoolExecutor.java:1128) [?:?]
	at java.util.concurrent.ThreadPoolExecutor$Worker.run(ThreadPoolExecutor.java:628) [?:?]
	at java.lang.Thread.run(Thread.java:834) [?:?]
[DEBUG] 2020-10-07 12:53:30.423 [TestNG-PoolService-0] PlatformDependent0 - java.nio.DirectByteBuffer.<init>(long, int): available
[DEBUG] 2020-10-07 12:53:30.423 [TestNG-PoolService-0] PlatformDependent - sun.misc.Unsafe: available
[DEBUG] 2020-10-07 12:53:30.424 [TestNG-PoolService-0] PlatformDependent - maxDirectMemory: 2147483648 bytes (maybe)
[DEBUG] 2020-10-07 12:53:30.425 [TestNG-PoolService-0] PlatformDependent - -Dio.netty.tmpdir: /var/folders/kw/vbzlvqb51fn2fj7jrkzy1ghh0000gn/T (java.io.tmpdir)
[DEBUG] 2020-10-07 12:53:30.425 [TestNG-PoolService-0] PlatformDependent - -Dio.netty.bitMode: 64 (sun.arch.data.model)
[DEBUG] 2020-10-07 12:53:30.427 [TestNG-PoolService-0] PlatformDependent - -Dio.netty.maxDirectMemory: 2147483648 bytes
[DEBUG] 2020-10-07 12:53:30.427 [TestNG-PoolService-0] PlatformDependent - -Dio.netty.uninitializedArrayAllocationThreshold: -1
[DEBUG] 2020-10-07 12:53:30.430 [TestNG-PoolService-0] CleanerJava9 - java.nio.ByteBuffer.cleaner(): available
[DEBUG] 2020-10-07 12:53:30.430 [TestNG-PoolService-0] PlatformDependent - -Dio.netty.noPreferDirect: false
[DEBUG] 2020-10-07 12:53:30.469 [TestNG-PoolService-0] PlatformDependent - org.jctools-core.MpscChunkedArrayQueue: available
[DEBUG] 2020-10-07 12:53:31.871 [TestNG-PoolService-0] JdkSslContext - Default protocols (JDK): [TLSv1.2, TLSv1.1, TLSv1] 
[DEBUG] 2020-10-07 12:53:31.872 [TestNG-PoolService-0] JdkSslContext - Default cipher suites (JDK): [TLS_ECDHE_ECDSA_WITH_AES_256_GCM_SHA384, TLS_ECDHE_ECDSA_WITH_AES_128_GCM_SHA256, TLS_ECDHE_RSA_WITH_AES_128_GCM_SHA256, TLS_ECDHE_RSA_WITH_AES_256_GCM_SHA384, TLS_ECDHE_RSA_WITH_AES_128_CBC_SHA, TLS_ECDHE_RSA_WITH_AES_256_CBC_SHA, TLS_RSA_WITH_AES_128_GCM_SHA256, TLS_RSA_WITH_AES_128_CBC_SHA, TLS_RSA_WITH_AES_256_CBC_SHA, TLS_AES_128_GCM_SHA256, TLS_AES_256_GCM_SHA384]
[DEBUG] 2020-10-07 12:53:32.196 [TestNG-PoolService-0] InternalThreadLocalMap - -Dio.netty.threadLocalMap.stringBuilder.initialSize: 1024
[DEBUG] 2020-10-07 12:53:32.196 [TestNG-PoolService-0] InternalThreadLocalMap - -Dio.netty.threadLocalMap.stringBuilder.maxSize: 4096
[DEBUG] 2020-10-07 12:53:32.251 [TestNG-PoolService-0] MultithreadEventLoopGroup - -Dio.netty.eventLoopThreads: 8
[DEBUG] 2020-10-07 12:53:32.319 [TestNG-PoolService-0] NioEventLoop - -Dio.netty.noKeySetOptimization: false
[DEBUG] 2020-10-07 12:53:32.319 [TestNG-PoolService-0] NioEventLoop - -Dio.netty.selectorAutoRebuildThreshold: 512
[DEBUG] 2020-10-07 12:53:33.112 [TestNG-PoolService-0] PooledByteBufAllocator - -Dio.netty.allocator.numHeapArenas: 8
[DEBUG] 2020-10-07 12:53:33.112 [TestNG-PoolService-0] PooledByteBufAllocator - -Dio.netty.allocator.numDirectArenas: 8
[DEBUG] 2020-10-07 12:53:33.112 [TestNG-PoolService-0] PooledByteBufAllocator - -Dio.netty.allocator.pageSize: 8192
[DEBUG] 2020-10-07 12:53:33.113 [TestNG-PoolService-0] PooledByteBufAllocator - -Dio.netty.allocator.maxOrder: 11
[DEBUG] 2020-10-07 12:53:33.113 [TestNG-PoolService-0] PooledByteBufAllocator - -Dio.netty.allocator.chunkSize: 16777216
[DEBUG] 2020-10-07 12:53:33.113 [TestNG-PoolService-0] PooledByteBufAllocator - -Dio.netty.allocator.tinyCacheSize: 512
[DEBUG] 2020-10-07 12:53:33.114 [TestNG-PoolService-0] PooledByteBufAllocator - -Dio.netty.allocator.smallCacheSize: 256
[DEBUG] 2020-10-07 12:53:33.114 [TestNG-PoolService-0] PooledByteBufAllocator - -Dio.netty.allocator.normalCacheSize: 64
[DEBUG] 2020-10-07 12:53:33.114 [TestNG-PoolService-0] PooledByteBufAllocator - -Dio.netty.allocator.maxCachedBufferCapacity: 32768
[DEBUG] 2020-10-07 12:53:33.156 [TestNG-PoolService-0] PooledByteBufAllocator - -Dio.netty.allocator.cacheTrimInterval: 8192
[DEBUG] 2020-10-07 12:53:33.156 [TestNG-PoolService-0] PooledByteBufAllocator - -Dio.netty.allocator.cacheTrimIntervalMillis: 0
[DEBUG] 2020-10-07 12:53:33.157 [TestNG-PoolService-0] PooledByteBufAllocator - -Dio.netty.allocator.useCacheForAllThreads: true
[DEBUG] 2020-10-07 12:53:33.157 [TestNG-PoolService-0] PooledByteBufAllocator - -Dio.netty.allocator.maxCachedByteBuffersPerChunk: 1023
[DEBUG] 2020-10-07 12:53:33.195 [TestNG-PoolService-0] ByteBufUtil - -Dio.netty.allocator.type: pooled
[DEBUG] 2020-10-07 12:53:33.196 [TestNG-PoolService-0] ByteBufUtil - -Dio.netty.threadLocalDirectBufferSize: 0
[DEBUG] 2020-10-07 12:53:33.196 [TestNG-PoolService-0] ByteBufUtil - -Dio.netty.maxThreadLocalCharBufferSize: 16384
[DEBUG] 2020-10-07 12:53:34.465 [Forwarding newSession on session null to remote] DefaultChannelId - -Dio.netty.processId: 1618 (auto-detected)
[DEBUG] 2020-10-07 12:53:34.476 [Forwarding newSession on session null to remote] NetUtil - -Djava.net.preferIPv4Stack: false
[DEBUG] 2020-10-07 12:53:34.476 [Forwarding newSession on session null to remote] NetUtil - -Djava.net.preferIPv6Addresses: false
[DEBUG] 2020-10-07 12:53:34.488 [Forwarding newSession on session null to remote] NetUtil - Loopback interface: lo0 (lo0, 0:0:0:0:0:0:0:1%lo0)
[DEBUG] 2020-10-07 12:53:34.492 [Forwarding newSession on session null to remote] NetUtil - Failed to get SOMAXCONN from sysctl and file /proc/sys/net/core/somaxconn. Default: 128
[DEBUG] 2020-10-07 12:53:34.496 [Forwarding newSession on session null to remote] DefaultChannelId - -Dio.netty.machineId: 60:f8:1d:ff:fe:ae:a7:ce (auto-detected)
[DEBUG] 2020-10-07 12:53:34.717 [AsyncHttpClient-3-1] AbstractByteBuf - -Dio.netty.buffer.checkAccessible: true
[DEBUG] 2020-10-07 12:53:34.717 [AsyncHttpClient-3-1] AbstractByteBuf - -Dio.netty.buffer.checkBounds: true
[DEBUG] 2020-10-07 12:53:34.718 [AsyncHttpClient-3-1] ResourceLeakDetectorFactory - Loaded default ResourceLeakDetector: io.netty.util.ResourceLeakDetector@2d9f3d46
[DEBUG] 2020-10-07 12:53:34.821 [AsyncHttpClient-3-2] Recycler - -Dio.netty.recycler.maxCapacityPerThread: 4096
[DEBUG] 2020-10-07 12:53:34.822 [AsyncHttpClient-3-2] Recycler - -Dio.netty.recycler.maxSharedCapacityFactor: 2
[DEBUG] 2020-10-07 12:53:34.822 [AsyncHttpClient-3-2] Recycler - -Dio.netty.recycler.linkCapacity: 16
[DEBUG] 2020-10-07 12:53:34.822 [AsyncHttpClient-3-2] Recycler - -Dio.netty.recycler.ratio: 8
]]></system-out>
    <system-err><![CDATA[SLF4J: Failed to load class "org.slf4j.impl.StaticLoggerBinder".
SLF4J: Defaulting to no-operation (NOP) logger implementation
SLF4J: See http://www.slf4j.org/codes.html#StaticLoggerBinder for further details.
окт. 07, 2020 12:53:41 PM org.openqa.selenium.remote.ProtocolHandshake createSession
INFO: Detected dialect: W3C
окт. 07, 2020 12:53:41 PM org.openqa.selenium.remote.ProtocolHandshake createSession
INFO: Detected dialect: W3C
]]></system-err>
  </testcase>
  <testcase name="CatalogTvFilterManufacturerAndPriceFrom[20000](2)" classname="test.CatalogTests" time="178.584"/>
</testsuite>