<?xml version="1.0" encoding="UTF-8"?>
<!-- Generated by org.testng.reporters.JUnitReportReporter -->
<testsuite hostname="MacBook-Pro-Roman.local" failures="0" tests="2" name="test.CatalogTests" time="282.547" errors="0" timestamp="2020-10-07T12:33:30 MSK" skipped="0">
  <testcase classname="test.CatalogTests" name="CatalogTvFilterManufacturerAndPriceFrom" time="138.690"/>
  <system-out/>
  <testcase classname="test.CatalogTests" name="CatalogTvFilterManufacturerAndPriceFrom" time="143.857"/>
  <system-out/>
</testsuite> <!-- test.CatalogTests -->
