<?xml version="1.0" encoding="UTF-8"?>
<!-- Generated by org.testng.reporters.JUnitReportReporter -->
<testsuite hostname="MacBook-Pro-Roman.local" failures="0" tests="2" name="test.CatalogTests" time="394.922" errors="0" timestamp="2020-10-07T12:56:50 MSK" skipped="0">
  <testcase classname="test.CatalogTests" name="CatalogTvFilterManufacturerAndPriceFrom" time="193.635"/>
  <system-out/>
  <testcase classname="test.CatalogTests" name="CatalogTvFilterManufacturerAndPriceFrom" time="201.287"/>
  <system-out/>
</testsuite> <!-- test.CatalogTests -->
